mode: set
github.com/abhikaboy/Kindred/internal/handlers/blueprint/blueprint.go:21.121,23.19 2 0
github.com/abhikaboy/Kindred/internal/handlers/blueprint/blueprint.go:23.19,25.3 1 0
github.com/abhikaboy/Kindred/internal/handlers/blueprint/blueprint.go:28.2,29.16 2 0
github.com/abhikaboy/Kindred/internal/handlers/blueprint/blueprint.go:29.16,31.3 1 0
github.com/abhikaboy/Kindred/internal/handlers/blueprint/blueprint.go:33.2,34.16 2 0
github.com/abhikaboy/Kindred/internal/handlers/blueprint/blueprint.go:34.16,36.3 1 0
github.com/abhikaboy/Kindred/internal/handlers/blueprint/blueprint.go:39.2,60.16 3 0
github.com/abhikaboy/Kindred/internal/handlers/blueprint/blueprint.go:60.16,62.3 1 0
github.com/abhikaboy/Kindred/internal/handlers/blueprint/blueprint.go:64.2,64.54 1 0
github.com/abhikaboy/Kindred/internal/handlers/blueprint/blueprint.go:67.115,69.16 2 0
github.com/abhikaboy/Kindred/internal/handlers/blueprint/blueprint.go:69.16,71.3 1 0
github.com/abhikaboy/Kindred/internal/handlers/blueprint/blueprint.go:73.2,73.52 1 0
github.com/abhikaboy/Kindred/internal/handlers/blueprint/blueprint.go:76.112,78.16 2 0
github.com/abhikaboy/Kindred/internal/handlers/blueprint/blueprint.go:78.16,80.3 1 0
github.com/abhikaboy/Kindred/internal/handlers/blueprint/blueprint.go:82.2,83.16 2 0
github.com/abhikaboy/Kindred/internal/handlers/blueprint/blueprint.go:83.16,85.3 1 0
github.com/abhikaboy/Kindred/internal/handlers/blueprint/blueprint.go:87.2,87.51 1 0
github.com/abhikaboy/Kindred/internal/handlers/blueprint/blueprint.go:90.121,93.16 2 0
github.com/abhikaboy/Kindred/internal/handlers/blueprint/blueprint.go:93.16,95.3 1 0
github.com/abhikaboy/Kindred/internal/handlers/blueprint/blueprint.go:97.2,98.16 2 0
github.com/abhikaboy/Kindred/internal/handlers/blueprint/blueprint.go:98.16,100.3 1 0
github.com/abhikaboy/Kindred/internal/handlers/blueprint/blueprint.go:102.2,102.73 1 0
github.com/abhikaboy/Kindred/internal/handlers/blueprint/blueprint.go:102.73,104.3 1 0
github.com/abhikaboy/Kindred/internal/handlers/blueprint/blueprint.go:106.2,108.18 3 0
github.com/abhikaboy/Kindred/internal/handlers/blueprint/blueprint.go:111.121,114.16 2 0
github.com/abhikaboy/Kindred/internal/handlers/blueprint/blueprint.go:114.16,116.3 1 0
github.com/abhikaboy/Kindred/internal/handlers/blueprint/blueprint.go:118.2,119.16 2 0
github.com/abhikaboy/Kindred/internal/handlers/blueprint/blueprint.go:119.16,121.3 1 0
github.com/abhikaboy/Kindred/internal/handlers/blueprint/blueprint.go:123.2,123.54 1 0
github.com/abhikaboy/Kindred/internal/handlers/blueprint/blueprint.go:123.54,125.3 1 0
github.com/abhikaboy/Kindred/internal/handlers/blueprint/blueprint.go:127.2,129.18 3 0
github.com/abhikaboy/Kindred/internal/handlers/blueprint/blueprint.go:132.136,135.16 2 0
github.com/abhikaboy/Kindred/internal/handlers/blueprint/blueprint.go:135.16,137.3 1 0
github.com/abhikaboy/Kindred/internal/handlers/blueprint/blueprint.go:139.2,140.16 2 0
github.com/abhikaboy/Kindred/internal/handlers/blueprint/blueprint.go:140.16,142.3 1 0
github.com/abhikaboy/Kindred/internal/handlers/blueprint/blueprint.go:144.2,145.16 2 0
github.com/abhikaboy/Kindred/internal/handlers/blueprint/blueprint.go:145.16,147.3 1 0
github.com/abhikaboy/Kindred/internal/handlers/blueprint/blueprint.go:149.2,150.16 2 0
github.com/abhikaboy/Kindred/internal/handlers/blueprint/blueprint.go:150.16,151.34 1 0
github.com/abhikaboy/Kindred/internal/handlers/blueprint/blueprint.go:151.34,153.4 1 0
github.com/abhikaboy/Kindred/internal/handlers/blueprint/blueprint.go:154.3,154.75 1 0
github.com/abhikaboy/Kindred/internal/handlers/blueprint/blueprint.go:157.2,159.18 3 0
github.com/abhikaboy/Kindred/internal/handlers/blueprint/blueprint.go:162.148,165.16 2 0
github.com/abhikaboy/Kindred/internal/handlers/blueprint/blueprint.go:165.16,167.3 1 0
github.com/abhikaboy/Kindred/internal/handlers/blueprint/blueprint.go:169.2,170.16 2 0
github.com/abhikaboy/Kindred/internal/handlers/blueprint/blueprint.go:170.16,172.3 1 0
github.com/abhikaboy/Kindred/internal/handlers/blueprint/blueprint.go:174.2,175.16 2 0
github.com/abhikaboy/Kindred/internal/handlers/blueprint/blueprint.go:175.16,177.3 1 0
github.com/abhikaboy/Kindred/internal/handlers/blueprint/blueprint.go:179.2,180.16 2 0
github.com/abhikaboy/Kindred/internal/handlers/blueprint/blueprint.go:180.16,181.34 1 0
github.com/abhikaboy/Kindred/internal/handlers/blueprint/blueprint.go:181.34,183.4 1 0
github.com/abhikaboy/Kindred/internal/handlers/blueprint/blueprint.go:184.3,184.77 1 0
github.com/abhikaboy/Kindred/internal/handlers/blueprint/blueprint.go:187.2,189.18 3 0
github.com/abhikaboy/Kindred/internal/handlers/blueprint/blueprint.go:192.124,194.16 2 0
github.com/abhikaboy/Kindred/internal/handlers/blueprint/blueprint.go:194.16,196.3 1 0
github.com/abhikaboy/Kindred/internal/handlers/blueprint/blueprint.go:197.2,197.55 1 0
github.com/abhikaboy/Kindred/internal/handlers/blueprint/blueprint.go:200.142,202.26 1 0
github.com/abhikaboy/Kindred/internal/handlers/blueprint/blueprint.go:202.26,204.3 1 0
github.com/abhikaboy/Kindred/internal/handlers/blueprint/blueprint.go:206.2,207.16 2 0
github.com/abhikaboy/Kindred/internal/handlers/blueprint/blueprint.go:207.16,209.3 1 0
github.com/abhikaboy/Kindred/internal/handlers/blueprint/blueprint.go:210.2,210.61 1 0
github.com/abhikaboy/Kindred/internal/handlers/blueprint/blueprint.go:213.157,216.16 2 0
github.com/abhikaboy/Kindred/internal/handlers/blueprint/blueprint.go:216.16,218.3 1 0
github.com/abhikaboy/Kindred/internal/handlers/blueprint/blueprint.go:220.2,221.16 2 0
github.com/abhikaboy/Kindred/internal/handlers/blueprint/blueprint.go:221.16,223.3 1 0
github.com/abhikaboy/Kindred/internal/handlers/blueprint/blueprint.go:225.2,226.16 2 0
github.com/abhikaboy/Kindred/internal/handlers/blueprint/blueprint.go:226.16,228.3 1 0
github.com/abhikaboy/Kindred/internal/handlers/blueprint/blueprint.go:230.2,230.66 1 0
github.com/abhikaboy/Kindred/internal/handlers/blueprint/blueprint.go:233.142,236.16 2 0
github.com/abhikaboy/Kindred/internal/handlers/blueprint/blueprint.go:236.16,238.3 1 0
github.com/abhikaboy/Kindred/internal/handlers/blueprint/blueprint.go:240.2,241.16 2 0
github.com/abhikaboy/Kindred/internal/handlers/blueprint/blueprint.go:241.16,243.3 1 0
github.com/abhikaboy/Kindred/internal/handlers/blueprint/blueprint.go:245.2,246.16 2 0
github.com/abhikaboy/Kindred/internal/handlers/blueprint/blueprint.go:246.16,248.3 1 0
github.com/abhikaboy/Kindred/internal/handlers/blueprint/blueprint.go:250.2,250.61 1 0
github.com/abhikaboy/Kindred/internal/handlers/blueprint/blueprint.go:253.142,255.16 2 0
github.com/abhikaboy/Kindred/internal/handlers/blueprint/blueprint.go:255.16,257.3 1 0
github.com/abhikaboy/Kindred/internal/handlers/blueprint/blueprint.go:259.2,259.66 1 0
github.com/abhikaboy/Kindred/internal/handlers/blueprint/blueprint.go:262.154,264.34 1 0
github.com/abhikaboy/Kindred/internal/handlers/blueprint/blueprint.go:264.34,266.3 1 0
github.com/abhikaboy/Kindred/internal/handlers/blueprint/blueprint.go:269.2,270.16 2 0
github.com/abhikaboy/Kindred/internal/handlers/blueprint/blueprint.go:270.16,272.3 1 0
github.com/abhikaboy/Kindred/internal/handlers/blueprint/blueprint.go:274.2,275.16 2 0
github.com/abhikaboy/Kindred/internal/handlers/blueprint/blueprint.go:275.16,277.3 1 0
github.com/abhikaboy/Kindred/internal/handlers/blueprint/blueprint.go:280.2,281.16 2 0
github.com/abhikaboy/Kindred/internal/handlers/blueprint/blueprint.go:281.16,282.42 1 0
github.com/abhikaboy/Kindred/internal/handlers/blueprint/blueprint.go:282.42,284.4 1 0
github.com/abhikaboy/Kindred/internal/handlers/blueprint/blueprint.go:285.3,285.80 1 0
github.com/abhikaboy/Kindred/internal/handlers/blueprint/blueprint.go:289.2,290.16 2 0
github.com/abhikaboy/Kindred/internal/handlers/blueprint/blueprint.go:290.16,292.3 1 0
github.com/abhikaboy/Kindred/internal/handlers/blueprint/blueprint.go:295.2,317.16 3 0
github.com/abhikaboy/Kindred/internal/handlers/blueprint/blueprint.go:317.16,319.3 1 0
github.com/abhikaboy/Kindred/internal/handlers/blueprint/blueprint.go:321.2,321.65 1 0
github.com/abhikaboy/Kindred/internal/handlers/blueprint/blueprint_helpers.go:24.133,25.28 1 0
github.com/abhikaboy/Kindred/internal/handlers/blueprint/blueprint_helpers.go:25.28,27.3 1 0
github.com/abhikaboy/Kindred/internal/handlers/blueprint/blueprint_helpers.go:30.2,32.26 3 0
github.com/abhikaboy/Kindred/internal/handlers/blueprint/blueprint_helpers.go:32.26,34.3 1 0
github.com/abhikaboy/Kindred/internal/handlers/blueprint/blueprint_helpers.go:37.2,38.26 2 0
github.com/abhikaboy/Kindred/internal/handlers/blueprint/blueprint_helpers.go:38.26,40.3 1 0
github.com/abhikaboy/Kindred/internal/handlers/blueprint/blueprint_helpers.go:43.2,54.27 6 0
github.com/abhikaboy/Kindred/internal/handlers/blueprint/blueprint_helpers.go:54.27,56.3 1 0
github.com/abhikaboy/Kindred/internal/handlers/blueprint/blueprint_helpers.go:59.2,59.29 1 0
github.com/abhikaboy/Kindred/internal/handlers/blueprint/blueprint_helpers.go:59.29,61.3 1 0
github.com/abhikaboy/Kindred/internal/handlers/blueprint/blueprint_helpers.go:65.2,67.31 3 0
github.com/abhikaboy/Kindred/internal/handlers/blueprint/blueprint_helpers.go:67.31,69.3 1 0
github.com/abhikaboy/Kindred/internal/handlers/blueprint/blueprint_helpers.go:72.2,74.16 3 0
github.com/abhikaboy/Kindred/internal/handlers/blueprint/blueprint_helpers.go:74.16,76.3 1 0
github.com/abhikaboy/Kindred/internal/handlers/blueprint/blueprint_helpers.go:78.2,78.66 1 0
github.com/abhikaboy/Kindred/internal/handlers/blueprint/blueprint_helpers.go:78.66,80.3 1 0
github.com/abhikaboy/Kindred/internal/handlers/blueprint/blueprint_helpers.go:82.2,82.23 1 0
github.com/abhikaboy/Kindred/internal/handlers/blueprint/operations.go:11.71,20.2 1 0
github.com/abhikaboy/Kindred/internal/handlers/blueprint/operations.go:22.69,31.2 1 0
github.com/abhikaboy/Kindred/internal/handlers/blueprint/operations.go:33.68,42.2 1 0
github.com/abhikaboy/Kindred/internal/handlers/blueprint/operations.go:44.71,53.2 1 0
github.com/abhikaboy/Kindred/internal/handlers/blueprint/operations.go:55.71,64.2 1 0
github.com/abhikaboy/Kindred/internal/handlers/blueprint/operations.go:66.76,75.2 1 0
github.com/abhikaboy/Kindred/internal/handlers/blueprint/operations.go:77.80,86.2 1 0
github.com/abhikaboy/Kindred/internal/handlers/blueprint/operations.go:88.72,97.2 1 0
github.com/abhikaboy/Kindred/internal/handlers/blueprint/operations.go:99.78,108.2 1 0
github.com/abhikaboy/Kindred/internal/handlers/blueprint/operations.go:110.83,119.2 1 0
github.com/abhikaboy/Kindred/internal/handlers/blueprint/operations.go:121.78,130.2 1 0
github.com/abhikaboy/Kindred/internal/handlers/blueprint/operations.go:132.78,141.2 1 0
github.com/abhikaboy/Kindred/internal/handlers/blueprint/operations.go:143.82,152.2 1 0
github.com/abhikaboy/Kindred/internal/handlers/blueprint/operations.go:155.66,169.2 13 0
github.com/abhikaboy/Kindred/internal/handlers/blueprint/routes.go:11.88,19.2 3 0
github.com/abhikaboy/Kindred/internal/handlers/blueprint/service.go:17.68,22.2 1 1
github.com/abhikaboy/Kindred/internal/handlers/blueprint/service.go:25.68,27.2 1 1
github.com/abhikaboy/Kindred/internal/handlers/blueprint/service.go:30.67,33.16 3 1
github.com/abhikaboy/Kindred/internal/handlers/blueprint/service.go:33.16,35.3 1 0
github.com/abhikaboy/Kindred/internal/handlers/blueprint/service.go:36.2,39.58 3 1
github.com/abhikaboy/Kindred/internal/handlers/blueprint/service.go:39.58,41.3 1 0
github.com/abhikaboy/Kindred/internal/handlers/blueprint/service.go:44.2,45.43 2 1
github.com/abhikaboy/Kindred/internal/handlers/blueprint/service.go:45.43,47.3 1 1
github.com/abhikaboy/Kindred/internal/handlers/blueprint/service.go:49.2,49.21 1 1
github.com/abhikaboy/Kindred/internal/handlers/blueprint/service.go:53.87,60.33 5 1
github.com/abhikaboy/Kindred/internal/handlers/blueprint/service.go:60.33,63.3 1 1
github.com/abhikaboy/Kindred/internal/handlers/blueprint/service.go:63.8,63.23 1 1
github.com/abhikaboy/Kindred/internal/handlers/blueprint/service.go:63.23,66.3 1 0
github.com/abhikaboy/Kindred/internal/handlers/blueprint/service.go:68.2,68.39 1 1
github.com/abhikaboy/Kindred/internal/handlers/blueprint/service.go:72.93,102.45 8 1
github.com/abhikaboy/Kindred/internal/handlers/blueprint/service.go:102.45,104.3 1 0
github.com/abhikaboy/Kindred/internal/handlers/blueprint/service.go:106.2,109.16 3 1
github.com/abhikaboy/Kindred/internal/handlers/blueprint/service.go:109.16,111.3 1 0
github.com/abhikaboy/Kindred/internal/handlers/blueprint/service.go:113.2,113.31 1 1
github.com/abhikaboy/Kindred/internal/handlers/blueprint/service.go:117.104,122.16 4 1
github.com/abhikaboy/Kindred/internal/handlers/blueprint/service.go:122.16,124.3 1 0
github.com/abhikaboy/Kindred/internal/handlers/blueprint/service.go:126.2,129.12 3 1
github.com/abhikaboy/Kindred/internal/handlers/blueprint/service.go:133.64,140.2 4 1
github.com/abhikaboy/Kindred/internal/handlers/blueprint/service.go:143.86,155.16 6 1
github.com/abhikaboy/Kindred/internal/handlers/blueprint/service.go:155.16,156.34 1 1
github.com/abhikaboy/Kindred/internal/handlers/blueprint/service.go:156.34,158.4 1 1
github.com/abhikaboy/Kindred/internal/handlers/blueprint/service.go:159.3,159.13 1 0
github.com/abhikaboy/Kindred/internal/handlers/blueprint/service.go:163.2,163.73 1 1
github.com/abhikaboy/Kindred/internal/handlers/blueprint/service.go:163.73,165.3 1 0
github.com/abhikaboy/Kindred/internal/handlers/blueprint/service.go:167.2,167.12 1 1
github.com/abhikaboy/Kindred/internal/handlers/blueprint/service.go:171.117,178.48 4 1
github.com/abhikaboy/Kindred/internal/handlers/blueprint/service.go:178.48,192.39 2 1
github.com/abhikaboy/Kindred/internal/handlers/blueprint/service.go:192.39,195.4 2 1
github.com/abhikaboy/Kindred/internal/handlers/blueprint/service.go:198.3,199.17 2 1
github.com/abhikaboy/Kindred/internal/handlers/blueprint/service.go:199.17,201.4 1 0
github.com/abhikaboy/Kindred/internal/handlers/blueprint/service.go:204.2,204.12 1 1
github.com/abhikaboy/Kindred/internal/handlers/blueprint/service.go:208.159,231.27 2 1
github.com/abhikaboy/Kindred/internal/handlers/blueprint/service.go:231.27,237.3 4 1
github.com/abhikaboy/Kindred/internal/handlers/blueprint/service.go:239.2,239.27 1 1
github.com/abhikaboy/Kindred/internal/handlers/blueprint/service.go:239.27,245.3 4 1
github.com/abhikaboy/Kindred/internal/handlers/blueprint/service.go:247.2,247.26 1 1
github.com/abhikaboy/Kindred/internal/handlers/blueprint/service.go:247.26,253.3 4 1
github.com/abhikaboy/Kindred/internal/handlers/blueprint/service.go:256.2,256.27 1 1
github.com/abhikaboy/Kindred/internal/handlers/blueprint/service.go:256.27,258.43 2 1
github.com/abhikaboy/Kindred/internal/handlers/blueprint/service.go:258.43,259.23 1 1
github.com/abhikaboy/Kindred/internal/handlers/blueprint/service.go:259.23,277.5 4 1
github.com/abhikaboy/Kindred/internal/handlers/blueprint/service.go:279.3,279.35 1 1
github.com/abhikaboy/Kindred/internal/handlers/blueprint/service.go:282.2,282.16 1 1
github.com/abhikaboy/Kindred/internal/handlers/blueprint/service.go:286.90,294.16 5 1
github.com/abhikaboy/Kindred/internal/handlers/blueprint/service.go:294.16,296.3 1 0
github.com/abhikaboy/Kindred/internal/handlers/blueprint/service.go:297.2,297.30 1 1
github.com/abhikaboy/Kindred/internal/handlers/blueprint/service.go:297.30,299.3 1 1
github.com/abhikaboy/Kindred/internal/handlers/blueprint/service.go:302.2,302.73 1 1
github.com/abhikaboy/Kindred/internal/handlers/blueprint/service.go:302.73,304.3 1 0
github.com/abhikaboy/Kindred/internal/handlers/blueprint/service.go:306.2,306.12 1 1
github.com/abhikaboy/Kindred/internal/handlers/blueprint/service.go:310.91,324.16 5 1
github.com/abhikaboy/Kindred/internal/handlers/blueprint/service.go:324.16,326.3 1 0
github.com/abhikaboy/Kindred/internal/handlers/blueprint/service.go:328.2,333.12 2 1
github.com/abhikaboy/Kindred/internal/handlers/blueprint/service.go:336.79,357.16 4 1
github.com/abhikaboy/Kindred/internal/handlers/blueprint/service.go:357.16,359.3 1 1
github.com/abhikaboy/Kindred/internal/handlers/blueprint/service.go:360.2,365.58 4 0
github.com/abhikaboy/Kindred/internal/handlers/blueprint/service.go:365.58,367.3 1 0
github.com/abhikaboy/Kindred/internal/handlers/blueprint/service.go:369.2,370.43 2 0
github.com/abhikaboy/Kindred/internal/handlers/blueprint/service.go:370.43,372.3 1 0
github.com/abhikaboy/Kindred/internal/handlers/blueprint/service.go:374.2,374.21 1 0
github.com/abhikaboy/Kindred/internal/handlers/blueprint/service.go:377.85,438.16 3 1
github.com/abhikaboy/Kindred/internal/handlers/blueprint/service.go:438.16,440.3 1 1
github.com/abhikaboy/Kindred/internal/handlers/blueprint/service.go:441.2,444.58 3 0
github.com/abhikaboy/Kindred/internal/handlers/blueprint/service.go:444.58,446.3 1 0
github.com/abhikaboy/Kindred/internal/handlers/blueprint/service.go:448.2,449.43 2 0
github.com/abhikaboy/Kindred/internal/handlers/blueprint/service.go:449.43,451.3 1 0
github.com/abhikaboy/Kindred/internal/handlers/blueprint/service.go:453.2,453.21 1 0
github.com/abhikaboy/Kindred/internal/handlers/blueprint/service.go:457.121,462.16 4 1
github.com/abhikaboy/Kindred/internal/handlers/blueprint/service.go:462.16,464.3 1 0
github.com/abhikaboy/Kindred/internal/handlers/blueprint/service.go:465.2,468.58 3 1
github.com/abhikaboy/Kindred/internal/handlers/blueprint/service.go:468.58,470.3 1 0
github.com/abhikaboy/Kindred/internal/handlers/blueprint/service.go:473.2,474.43 2 1
github.com/abhikaboy/Kindred/internal/handlers/blueprint/service.go:474.43,476.3 1 1
github.com/abhikaboy/Kindred/internal/handlers/blueprint/service.go:478.2,478.21 1 1
github.com/abhikaboy/Kindred/internal/handlers/blueprint/service.go:482.119,487.16 4 1
github.com/abhikaboy/Kindred/internal/handlers/blueprint/service.go:487.16,489.3 1 0
github.com/abhikaboy/Kindred/internal/handlers/blueprint/service.go:490.2,493.58 3 1
github.com/abhikaboy/Kindred/internal/handlers/blueprint/service.go:493.58,495.3 1 0
github.com/abhikaboy/Kindred/internal/handlers/blueprint/service.go:498.2,499.43 2 1
github.com/abhikaboy/Kindred/internal/handlers/blueprint/service.go:499.43,501.3 1 1
github.com/abhikaboy/Kindred/internal/handlers/blueprint/service.go:503.2,503.21 1 1
github.com/abhikaboy/Kindred/internal/handlers/blueprint/service.go:507.78,540.16 3 1
github.com/abhikaboy/Kindred/internal/handlers/blueprint/service.go:540.16,542.3 1 0
github.com/abhikaboy/Kindred/internal/handlers/blueprint/service.go:543.2,546.50 3 1
github.com/abhikaboy/Kindred/internal/handlers/blueprint/service.go:546.50,548.3 1 0
github.com/abhikaboy/Kindred/internal/handlers/blueprint/service.go:551.2,551.32 1 1
github.com/abhikaboy/Kindred/internal/handlers/blueprint/service.go:551.32,553.46 2 1
github.com/abhikaboy/Kindred/internal/handlers/blueprint/service.go:553.46,557.18 3 1
github.com/abhikaboy/Kindred/internal/handlers/blueprint/service.go:557.18,559.5 1 0
github.com/abhikaboy/Kindred/internal/handlers/blueprint/service.go:561.4,561.68 1 1
github.com/abhikaboy/Kindred/internal/handlers/blueprint/service.go:561.68,563.5 1 0
github.com/abhikaboy/Kindred/internal/handlers/blueprint/service.go:566.4,567.27 2 1
github.com/abhikaboy/Kindred/internal/handlers/blueprint/service.go:567.27,569.5 1 0
github.com/abhikaboy/Kindred/internal/handlers/blueprint/service.go:571.4,571.33 1 1
github.com/abhikaboy/Kindred/internal/handlers/blueprint/service.go:573.3,573.37 1 1
github.com/abhikaboy/Kindred/internal/handlers/blueprint/service.go:576.2,576.21 1 1
github.com/abhikaboy/Kindred/internal/handlers/blueprint/types.go:226.64,228.36 2 1
github.com/abhikaboy/Kindred/internal/handlers/blueprint/types.go:228.36,230.3 1 0
github.com/abhikaboy/Kindred/internal/handlers/blueprint/types.go:232.2,233.20 2 1
github.com/abhikaboy/Kindred/internal/handlers/blueprint/types.go:233.20,235.3 1 1
github.com/abhikaboy/Kindred/internal/handlers/blueprint/types.go:237.2,250.3 1 1
github.com/abhikaboy/Kindred/internal/handlers/blueprint/types.go:254.100,256.20 2 1
github.com/abhikaboy/Kindred/internal/handlers/blueprint/types.go:256.20,258.3 1 1
github.com/abhikaboy/Kindred/internal/handlers/blueprint/types.go:260.2,272.3 1 1
