mode: set
github.com/abhikaboy/Kindred/internal/handlers/post/operations.go:11.66,20.2 1 0
github.com/abhikaboy/Kindred/internal/handlers/post/operations.go:22.64,31.2 1 0
github.com/abhikaboy/Kindred/internal/handlers/post/operations.go:33.71,42.2 1 0
github.com/abhikaboy/Kindred/internal/handlers/post/operations.go:44.63,53.2 1 0
github.com/abhikaboy/Kindred/internal/handlers/post/operations.go:55.69,64.2 1 0
github.com/abhikaboy/Kindred/internal/handlers/post/operations.go:66.75,75.2 1 0
github.com/abhikaboy/Kindred/internal/handlers/post/operations.go:77.63,86.2 1 0
github.com/abhikaboy/Kindred/internal/handlers/post/operations.go:88.66,97.2 1 0
github.com/abhikaboy/Kindred/internal/handlers/post/operations.go:99.66,108.2 1 0
github.com/abhikaboy/Kindred/internal/handlers/post/operations.go:110.66,119.2 1 0
github.com/abhikaboy/Kindred/internal/handlers/post/operations.go:121.69,130.2 1 0
github.com/abhikaboy/Kindred/internal/handlers/post/operations.go:132.59,141.2 1 0
github.com/abhikaboy/Kindred/internal/handlers/post/operations.go:143.61,152.2 1 0
github.com/abhikaboy/Kindred/internal/handlers/post/operations.go:155.61,169.2 13 0
github.com/abhikaboy/Kindred/internal/handlers/post/post.go:20.106,22.19 2 0
github.com/abhikaboy/Kindred/internal/handlers/post/post.go:22.19,24.3 1 0
github.com/abhikaboy/Kindred/internal/handlers/post/post.go:27.2,28.16 2 0
github.com/abhikaboy/Kindred/internal/handlers/post/post.go:28.16,30.3 1 0
github.com/abhikaboy/Kindred/internal/handlers/post/post.go:33.2,34.16 2 0
github.com/abhikaboy/Kindred/internal/handlers/post/post.go:34.16,36.3 1 0
github.com/abhikaboy/Kindred/internal/handlers/post/post.go:39.2,41.16 3 0
github.com/abhikaboy/Kindred/internal/handlers/post/post.go:41.16,43.3 1 0
github.com/abhikaboy/Kindred/internal/handlers/post/post.go:45.2,64.35 2 0
github.com/abhikaboy/Kindred/internal/handlers/post/post.go:64.35,66.17 2 0
github.com/abhikaboy/Kindred/internal/handlers/post/post.go:66.17,68.4 1 0
github.com/abhikaboy/Kindred/internal/handlers/post/post.go:70.3,71.42 2 0
github.com/abhikaboy/Kindred/internal/handlers/post/post.go:71.42,73.4 1 0
github.com/abhikaboy/Kindred/internal/handlers/post/post.go:75.3,75.86 1 0
github.com/abhikaboy/Kindred/internal/handlers/post/post.go:79.2,79.32 1 0
github.com/abhikaboy/Kindred/internal/handlers/post/post.go:79.32,81.48 2 0
github.com/abhikaboy/Kindred/internal/handlers/post/post.go:81.48,83.18 2 0
github.com/abhikaboy/Kindred/internal/handlers/post/post.go:83.18,85.5 1 0
github.com/abhikaboy/Kindred/internal/handlers/post/post.go:86.4,86.40 1 0
github.com/abhikaboy/Kindred/internal/handlers/post/post.go:88.3,88.24 1 0
github.com/abhikaboy/Kindred/internal/handlers/post/post.go:91.2,94.16 3 0
github.com/abhikaboy/Kindred/internal/handlers/post/post.go:94.16,96.3 1 0
github.com/abhikaboy/Kindred/internal/handlers/post/post.go:99.2,102.22 2 0
github.com/abhikaboy/Kindred/internal/handlers/post/post.go:102.22,105.3 2 0
github.com/abhikaboy/Kindred/internal/handlers/post/post.go:107.2,107.22 1 0
github.com/abhikaboy/Kindred/internal/handlers/post/post.go:110.100,113.16 2 0
github.com/abhikaboy/Kindred/internal/handlers/post/post.go:113.16,115.3 1 0
github.com/abhikaboy/Kindred/internal/handlers/post/post.go:116.2,117.16 2 0
github.com/abhikaboy/Kindred/internal/handlers/post/post.go:117.16,119.3 1 0
github.com/abhikaboy/Kindred/internal/handlers/post/post.go:121.2,122.16 2 0
github.com/abhikaboy/Kindred/internal/handlers/post/post.go:122.16,124.3 1 0
github.com/abhikaboy/Kindred/internal/handlers/post/post.go:126.2,127.29 2 0
github.com/abhikaboy/Kindred/internal/handlers/post/post.go:127.29,129.3 1 0
github.com/abhikaboy/Kindred/internal/handlers/post/post.go:131.2,137.20 6 0
github.com/abhikaboy/Kindred/internal/handlers/post/post.go:140.121,143.16 2 0
github.com/abhikaboy/Kindred/internal/handlers/post/post.go:143.16,145.3 1 0
github.com/abhikaboy/Kindred/internal/handlers/post/post.go:147.2,148.16 2 0
github.com/abhikaboy/Kindred/internal/handlers/post/post.go:148.16,150.3 1 0
github.com/abhikaboy/Kindred/internal/handlers/post/post.go:153.2,154.16 2 0
github.com/abhikaboy/Kindred/internal/handlers/post/post.go:154.16,156.3 1 0
github.com/abhikaboy/Kindred/internal/handlers/post/post.go:157.2,158.16 2 0
github.com/abhikaboy/Kindred/internal/handlers/post/post.go:158.16,160.3 1 0
github.com/abhikaboy/Kindred/internal/handlers/post/post.go:162.2,163.16 2 0
github.com/abhikaboy/Kindred/internal/handlers/post/post.go:163.16,165.3 1 0
github.com/abhikaboy/Kindred/internal/handlers/post/post.go:167.2,168.29 2 0
github.com/abhikaboy/Kindred/internal/handlers/post/post.go:168.29,170.3 1 0
github.com/abhikaboy/Kindred/internal/handlers/post/post.go:172.2,178.20 6 0
github.com/abhikaboy/Kindred/internal/handlers/post/post.go:181.97,184.16 2 0
github.com/abhikaboy/Kindred/internal/handlers/post/post.go:184.16,186.3 1 0
github.com/abhikaboy/Kindred/internal/handlers/post/post.go:188.2,189.16 2 0
github.com/abhikaboy/Kindred/internal/handlers/post/post.go:189.16,191.3 1 0
github.com/abhikaboy/Kindred/internal/handlers/post/post.go:194.2,195.16 2 0
github.com/abhikaboy/Kindred/internal/handlers/post/post.go:195.16,197.3 1 0
github.com/abhikaboy/Kindred/internal/handlers/post/post.go:198.2,199.16 2 0
github.com/abhikaboy/Kindred/internal/handlers/post/post.go:199.16,201.3 1 0
github.com/abhikaboy/Kindred/internal/handlers/post/post.go:205.2,206.21 2 0
github.com/abhikaboy/Kindred/internal/handlers/post/post.go:206.21,208.3 1 0
github.com/abhikaboy/Kindred/internal/handlers/post/post.go:209.2,213.16 3 0
github.com/abhikaboy/Kindred/internal/handlers/post/post.go:213.16,215.3 1 0
github.com/abhikaboy/Kindred/internal/handlers/post/post.go:218.2,219.16 2 0
github.com/abhikaboy/Kindred/internal/handlers/post/post.go:219.16,221.3 1 0
github.com/abhikaboy/Kindred/internal/handlers/post/post.go:224.2,224.52 1 0
github.com/abhikaboy/Kindred/internal/handlers/post/post.go:224.52,226.32 2 0
github.com/abhikaboy/Kindred/internal/handlers/post/post.go:226.32,228.18 2 0
github.com/abhikaboy/Kindred/internal/handlers/post/post.go:228.18,230.5 1 0
github.com/abhikaboy/Kindred/internal/handlers/post/post.go:235.2,235.52 1 0
github.com/abhikaboy/Kindred/internal/handlers/post/post.go:235.52,237.32 2 0
github.com/abhikaboy/Kindred/internal/handlers/post/post.go:237.32,239.18 2 0
github.com/abhikaboy/Kindred/internal/handlers/post/post.go:239.18,241.5 1 0
github.com/abhikaboy/Kindred/internal/handlers/post/post.go:246.2,247.29 2 0
github.com/abhikaboy/Kindred/internal/handlers/post/post.go:247.29,249.3 1 0
github.com/abhikaboy/Kindred/internal/handlers/post/post.go:252.2,253.29 2 0
github.com/abhikaboy/Kindred/internal/handlers/post/post.go:253.29,256.47 2 0
github.com/abhikaboy/Kindred/internal/handlers/post/post.go:256.47,263.4 1 0
github.com/abhikaboy/Kindred/internal/handlers/post/post.go:265.3,277.42 2 0
github.com/abhikaboy/Kindred/internal/handlers/post/post.go:281.2,286.55 4 0
github.com/abhikaboy/Kindred/internal/handlers/post/post.go:286.55,293.3 3 0
github.com/abhikaboy/Kindred/internal/handlers/post/post.go:296.2,296.56 1 0
github.com/abhikaboy/Kindred/internal/handlers/post/post.go:296.56,303.3 3 0
github.com/abhikaboy/Kindred/internal/handlers/post/post.go:306.2,306.86 1 0
github.com/abhikaboy/Kindred/internal/handlers/post/post.go:306.86,308.79 1 0
github.com/abhikaboy/Kindred/internal/handlers/post/post.go:308.79,315.4 3 0
github.com/abhikaboy/Kindred/internal/handlers/post/post.go:318.3,318.57 1 0
github.com/abhikaboy/Kindred/internal/handlers/post/post.go:318.57,325.4 3 0
github.com/abhikaboy/Kindred/internal/handlers/post/post.go:329.2,338.20 8 0
github.com/abhikaboy/Kindred/internal/handlers/post/post.go:341.115,344.16 2 0
github.com/abhikaboy/Kindred/internal/handlers/post/post.go:344.16,346.3 1 0
github.com/abhikaboy/Kindred/internal/handlers/post/post.go:348.2,349.16 2 0
github.com/abhikaboy/Kindred/internal/handlers/post/post.go:349.16,351.3 1 0
github.com/abhikaboy/Kindred/internal/handlers/post/post.go:353.2,354.16 2 0
github.com/abhikaboy/Kindred/internal/handlers/post/post.go:354.16,356.3 1 0
github.com/abhikaboy/Kindred/internal/handlers/post/post.go:358.2,359.31 2 0
github.com/abhikaboy/Kindred/internal/handlers/post/post.go:359.31,361.3 1 0
github.com/abhikaboy/Kindred/internal/handlers/post/post.go:363.2,366.20 3 0
github.com/abhikaboy/Kindred/internal/handlers/post/post.go:369.133,372.16 2 0
github.com/abhikaboy/Kindred/internal/handlers/post/post.go:372.16,374.3 1 0
github.com/abhikaboy/Kindred/internal/handlers/post/post.go:376.2,377.16 2 0
github.com/abhikaboy/Kindred/internal/handlers/post/post.go:377.16,379.3 1 0
github.com/abhikaboy/Kindred/internal/handlers/post/post.go:381.2,382.16 2 0
github.com/abhikaboy/Kindred/internal/handlers/post/post.go:382.16,384.3 1 0
github.com/abhikaboy/Kindred/internal/handlers/post/post.go:386.2,387.29 2 0
github.com/abhikaboy/Kindred/internal/handlers/post/post.go:387.29,389.3 1 0
github.com/abhikaboy/Kindred/internal/handlers/post/post.go:391.2,394.20 3 0
github.com/abhikaboy/Kindred/internal/handlers/post/post.go:397.97,400.16 2 0
github.com/abhikaboy/Kindred/internal/handlers/post/post.go:400.16,402.3 1 0
github.com/abhikaboy/Kindred/internal/handlers/post/post.go:404.2,405.16 2 0
github.com/abhikaboy/Kindred/internal/handlers/post/post.go:405.16,407.3 1 0
github.com/abhikaboy/Kindred/internal/handlers/post/post.go:409.2,410.16 2 0
github.com/abhikaboy/Kindred/internal/handlers/post/post.go:410.16,412.3 1 0
github.com/abhikaboy/Kindred/internal/handlers/post/post.go:414.2,414.49 1 0
github.com/abhikaboy/Kindred/internal/handlers/post/post.go:417.112,420.16 2 0
github.com/abhikaboy/Kindred/internal/handlers/post/post.go:420.16,422.3 1 0
github.com/abhikaboy/Kindred/internal/handlers/post/post.go:425.2,426.16 2 0
github.com/abhikaboy/Kindred/internal/handlers/post/post.go:426.16,428.3 1 0
github.com/abhikaboy/Kindred/internal/handlers/post/post.go:431.2,432.16 2 0
github.com/abhikaboy/Kindred/internal/handlers/post/post.go:432.16,434.3 1 0
github.com/abhikaboy/Kindred/internal/handlers/post/post.go:437.2,438.16 2 0
github.com/abhikaboy/Kindred/internal/handlers/post/post.go:438.16,440.3 1 0
github.com/abhikaboy/Kindred/internal/handlers/post/post.go:443.2,443.14 1 0
github.com/abhikaboy/Kindred/internal/handlers/post/post.go:443.14,445.3 1 0
github.com/abhikaboy/Kindred/internal/handlers/post/post.go:448.2,449.16 2 0
github.com/abhikaboy/Kindred/internal/handlers/post/post.go:449.16,451.3 1 0
github.com/abhikaboy/Kindred/internal/handlers/post/post.go:453.2,453.46 1 0
github.com/abhikaboy/Kindred/internal/handlers/post/post.go:456.106,459.16 2 0
github.com/abhikaboy/Kindred/internal/handlers/post/post.go:459.16,461.3 1 0
github.com/abhikaboy/Kindred/internal/handlers/post/post.go:463.2,464.16 2 0
github.com/abhikaboy/Kindred/internal/handlers/post/post.go:464.16,466.3 1 0
github.com/abhikaboy/Kindred/internal/handlers/post/post.go:468.2,469.16 2 0
github.com/abhikaboy/Kindred/internal/handlers/post/post.go:469.16,471.3 1 0
github.com/abhikaboy/Kindred/internal/handlers/post/post.go:473.2,474.16 2 0
github.com/abhikaboy/Kindred/internal/handlers/post/post.go:474.16,476.3 1 0
github.com/abhikaboy/Kindred/internal/handlers/post/post.go:478.2,478.31 1 0
github.com/abhikaboy/Kindred/internal/handlers/post/post.go:478.31,480.3 1 0
github.com/abhikaboy/Kindred/internal/handlers/post/post.go:482.2,482.68 1 0
github.com/abhikaboy/Kindred/internal/handlers/post/post.go:482.68,484.3 1 0
github.com/abhikaboy/Kindred/internal/handlers/post/post.go:486.2,488.18 3 0
github.com/abhikaboy/Kindred/internal/handlers/post/post.go:491.106,494.16 2 0
github.com/abhikaboy/Kindred/internal/handlers/post/post.go:494.16,496.3 1 0
github.com/abhikaboy/Kindred/internal/handlers/post/post.go:498.2,499.16 2 0
github.com/abhikaboy/Kindred/internal/handlers/post/post.go:499.16,501.3 1 0
github.com/abhikaboy/Kindred/internal/handlers/post/post.go:503.2,504.16 2 0
github.com/abhikaboy/Kindred/internal/handlers/post/post.go:504.16,506.3 1 0
github.com/abhikaboy/Kindred/internal/handlers/post/post.go:508.2,509.16 2 0
github.com/abhikaboy/Kindred/internal/handlers/post/post.go:509.16,511.3 1 0
github.com/abhikaboy/Kindred/internal/handlers/post/post.go:513.2,513.31 1 0
github.com/abhikaboy/Kindred/internal/handlers/post/post.go:513.31,515.3 1 0
github.com/abhikaboy/Kindred/internal/handlers/post/post.go:517.2,517.49 1 0
github.com/abhikaboy/Kindred/internal/handlers/post/post.go:517.49,519.3 1 0
github.com/abhikaboy/Kindred/internal/handlers/post/post.go:521.2,523.18 3 0
github.com/abhikaboy/Kindred/internal/handlers/post/post.go:526.106,528.16 2 0
github.com/abhikaboy/Kindred/internal/handlers/post/post.go:528.16,530.3 1 0
github.com/abhikaboy/Kindred/internal/handlers/post/post.go:532.2,533.16 2 0
github.com/abhikaboy/Kindred/internal/handlers/post/post.go:533.16,535.3 1 0
github.com/abhikaboy/Kindred/internal/handlers/post/post.go:537.2,538.16 2 0
github.com/abhikaboy/Kindred/internal/handlers/post/post.go:538.16,540.3 1 0
github.com/abhikaboy/Kindred/internal/handlers/post/post.go:542.2,544.16 3 0
github.com/abhikaboy/Kindred/internal/handlers/post/post.go:544.16,546.3 1 0
github.com/abhikaboy/Kindred/internal/handlers/post/post.go:549.2,550.32 2 0
github.com/abhikaboy/Kindred/internal/handlers/post/post.go:550.32,551.41 1 0
github.com/abhikaboy/Kindred/internal/handlers/post/post.go:551.41,553.18 2 0
github.com/abhikaboy/Kindred/internal/handlers/post/post.go:553.18,554.13 1 0
github.com/abhikaboy/Kindred/internal/handlers/post/post.go:556.4,559.6 1 0
github.com/abhikaboy/Kindred/internal/handlers/post/post.go:563.2,576.32 2 0
github.com/abhikaboy/Kindred/internal/handlers/post/post.go:576.32,578.17 2 0
github.com/abhikaboy/Kindred/internal/handlers/post/post.go:578.17,580.4 1 0
github.com/abhikaboy/Kindred/internal/handlers/post/post.go:581.3,581.27 1 0
github.com/abhikaboy/Kindred/internal/handlers/post/post.go:584.2,584.58 1 0
github.com/abhikaboy/Kindred/internal/handlers/post/post.go:584.58,586.3 1 0
github.com/abhikaboy/Kindred/internal/handlers/post/post.go:588.2,591.20 4 0
github.com/abhikaboy/Kindred/internal/handlers/post/post.go:594.112,596.16 2 0
github.com/abhikaboy/Kindred/internal/handlers/post/post.go:596.16,598.3 1 0
github.com/abhikaboy/Kindred/internal/handlers/post/post.go:600.2,601.16 2 0
github.com/abhikaboy/Kindred/internal/handlers/post/post.go:601.16,603.3 1 0
github.com/abhikaboy/Kindred/internal/handlers/post/post.go:605.2,606.16 2 0
github.com/abhikaboy/Kindred/internal/handlers/post/post.go:606.16,608.3 1 0
github.com/abhikaboy/Kindred/internal/handlers/post/post.go:610.2,618.16 3 0
github.com/abhikaboy/Kindred/internal/handlers/post/post.go:618.16,620.3 1 0
github.com/abhikaboy/Kindred/internal/handlers/post/post.go:622.2,623.14 2 0
github.com/abhikaboy/Kindred/internal/handlers/post/post.go:623.14,625.3 1 0
github.com/abhikaboy/Kindred/internal/handlers/post/post.go:625.8,627.3 1 0
github.com/abhikaboy/Kindred/internal/handlers/post/post.go:629.2,633.22 4 0
github.com/abhikaboy/Kindred/internal/handlers/post/post.go:636.115,638.16 2 0
github.com/abhikaboy/Kindred/internal/handlers/post/post.go:638.16,640.3 1 0
github.com/abhikaboy/Kindred/internal/handlers/post/post.go:642.2,643.16 2 0
github.com/abhikaboy/Kindred/internal/handlers/post/post.go:643.16,645.3 1 0
github.com/abhikaboy/Kindred/internal/handlers/post/post.go:647.2,648.16 2 0
github.com/abhikaboy/Kindred/internal/handlers/post/post.go:648.16,650.3 1 0
github.com/abhikaboy/Kindred/internal/handlers/post/post.go:652.2,653.16 2 0
github.com/abhikaboy/Kindred/internal/handlers/post/post.go:653.16,655.3 1 0
github.com/abhikaboy/Kindred/internal/handlers/post/post.go:657.2,658.16 2 0
github.com/abhikaboy/Kindred/internal/handlers/post/post.go:658.16,660.3 1 0
github.com/abhikaboy/Kindred/internal/handlers/post/post.go:662.2,664.40 3 0
github.com/abhikaboy/Kindred/internal/handlers/post/post.go:664.40,665.30 1 0
github.com/abhikaboy/Kindred/internal/handlers/post/post.go:665.30,669.9 3 0
github.com/abhikaboy/Kindred/internal/handlers/post/post.go:673.2,673.25 1 0
github.com/abhikaboy/Kindred/internal/handlers/post/post.go:673.25,675.3 1 0
github.com/abhikaboy/Kindred/internal/handlers/post/post.go:677.2,677.16 1 0
github.com/abhikaboy/Kindred/internal/handlers/post/post.go:677.16,679.3 1 0
github.com/abhikaboy/Kindred/internal/handlers/post/post.go:681.2,681.67 1 0
github.com/abhikaboy/Kindred/internal/handlers/post/post.go:681.67,683.3 1 0
github.com/abhikaboy/Kindred/internal/handlers/post/post.go:685.2,687.18 3 0
github.com/abhikaboy/Kindred/internal/handlers/post/routes.go:11.69,18.2 3 0
github.com/abhikaboy/Kindred/internal/handlers/post/service.go:25.68,35.2 1 1
github.com/abhikaboy/Kindred/internal/handlers/post/service.go:38.68,40.2 1 1
github.com/abhikaboy/Kindred/internal/handlers/post/service.go:43.85,53.16 4 1
github.com/abhikaboy/Kindred/internal/handlers/post/service.go:53.16,55.3 1 0
github.com/abhikaboy/Kindred/internal/handlers/post/service.go:58.2,58.16 1 1
github.com/abhikaboy/Kindred/internal/handlers/post/service.go:58.16,60.3 1 1
github.com/abhikaboy/Kindred/internal/handlers/post/service.go:63.2,69.16 3 1
github.com/abhikaboy/Kindred/internal/handlers/post/service.go:69.16,71.3 1 0
github.com/abhikaboy/Kindred/internal/handlers/post/service.go:72.2,75.50 3 1
github.com/abhikaboy/Kindred/internal/handlers/post/service.go:75.50,77.3 1 0
github.com/abhikaboy/Kindred/internal/handlers/post/service.go:79.2,79.33 1 1
github.com/abhikaboy/Kindred/internal/handlers/post/service.go:83.83,92.33 5 1
github.com/abhikaboy/Kindred/internal/handlers/post/service.go:92.33,95.3 1 1
github.com/abhikaboy/Kindred/internal/handlers/post/service.go:95.8,95.23 1 1
github.com/abhikaboy/Kindred/internal/handlers/post/service.go:95.23,98.3 1 0
github.com/abhikaboy/Kindred/internal/handlers/post/service.go:100.2,100.19 1 1
github.com/abhikaboy/Kindred/internal/handlers/post/service.go:104.100,109.16 3 1
github.com/abhikaboy/Kindred/internal/handlers/post/service.go:109.16,111.3 1 0
github.com/abhikaboy/Kindred/internal/handlers/post/service.go:114.2,118.19 3 1
github.com/abhikaboy/Kindred/internal/handlers/post/service.go:118.19,150.17 4 1
github.com/abhikaboy/Kindred/internal/handlers/post/service.go:150.17,153.4 1 0
github.com/abhikaboy/Kindred/internal/handlers/post/service.go:157.2,158.16 2 1
github.com/abhikaboy/Kindred/internal/handlers/post/service.go:158.16,164.3 2 0
github.com/abhikaboy/Kindred/internal/handlers/post/service.go:166.2,166.26 1 1
github.com/abhikaboy/Kindred/internal/handlers/post/service.go:170.113,188.16 6 1
github.com/abhikaboy/Kindred/internal/handlers/post/service.go:188.16,190.3 1 0
github.com/abhikaboy/Kindred/internal/handlers/post/service.go:192.2,195.8 1 1
github.com/abhikaboy/Kindred/internal/handlers/post/service.go:199.92,209.28 4 1
github.com/abhikaboy/Kindred/internal/handlers/post/service.go:209.28,211.3 1 1
github.com/abhikaboy/Kindred/internal/handlers/post/service.go:213.2,213.29 1 1
github.com/abhikaboy/Kindred/internal/handlers/post/service.go:213.29,215.3 1 1
github.com/abhikaboy/Kindred/internal/handlers/post/service.go:217.2,217.25 1 1
github.com/abhikaboy/Kindred/internal/handlers/post/service.go:217.25,219.3 1 1
github.com/abhikaboy/Kindred/internal/handlers/post/service.go:221.2,222.12 2 1
github.com/abhikaboy/Kindred/internal/handlers/post/service.go:226.59,233.2 4 1
github.com/abhikaboy/Kindred/internal/handlers/post/service.go:236.89,245.16 4 1
github.com/abhikaboy/Kindred/internal/handlers/post/service.go:245.16,247.3 1 0
github.com/abhikaboy/Kindred/internal/handlers/post/service.go:248.2,251.50 3 1
github.com/abhikaboy/Kindred/internal/handlers/post/service.go:251.50,253.3 1 0
github.com/abhikaboy/Kindred/internal/handlers/post/service.go:255.2,255.21 1 1
github.com/abhikaboy/Kindred/internal/handlers/post/service.go:259.116,263.16 2 1
github.com/abhikaboy/Kindred/internal/handlers/post/service.go:263.16,265.3 1 0
github.com/abhikaboy/Kindred/internal/handlers/post/service.go:268.2,269.16 2 1
github.com/abhikaboy/Kindred/internal/handlers/post/service.go:269.16,272.3 2 0
github.com/abhikaboy/Kindred/internal/handlers/post/service.go:276.2,277.55 2 1
github.com/abhikaboy/Kindred/internal/handlers/post/service.go:277.55,279.3 1 1
github.com/abhikaboy/Kindred/internal/handlers/post/service.go:279.8,281.37 2 0
github.com/abhikaboy/Kindred/internal/handlers/post/service.go:281.37,283.4 1 0
github.com/abhikaboy/Kindred/internal/handlers/post/service.go:287.2,288.16 2 1
github.com/abhikaboy/Kindred/internal/handlers/post/service.go:288.16,290.3 1 0
github.com/abhikaboy/Kindred/internal/handlers/post/service.go:293.2,294.35 2 1
github.com/abhikaboy/Kindred/internal/handlers/post/service.go:294.35,296.3 1 0
github.com/abhikaboy/Kindred/internal/handlers/post/service.go:302.2,305.27 2 1
github.com/abhikaboy/Kindred/internal/handlers/post/service.go:305.27,327.3 1 0
github.com/abhikaboy/Kindred/internal/handlers/post/service.go:330.2,403.16 4 1
github.com/abhikaboy/Kindred/internal/handlers/post/service.go:403.16,405.3 1 0
github.com/abhikaboy/Kindred/internal/handlers/post/service.go:406.2,409.59 3 1
github.com/abhikaboy/Kindred/internal/handlers/post/service.go:409.59,411.3 1 0
github.com/abhikaboy/Kindred/internal/handlers/post/service.go:413.2,414.26 2 1
github.com/abhikaboy/Kindred/internal/handlers/post/service.go:414.26,415.51 1 1
github.com/abhikaboy/Kindred/internal/handlers/post/service.go:415.51,417.4 1 1
github.com/abhikaboy/Kindred/internal/handlers/post/service.go:417.9,417.58 1 0
github.com/abhikaboy/Kindred/internal/handlers/post/service.go:417.58,419.4 1 0
github.com/abhikaboy/Kindred/internal/handlers/post/service.go:423.2,484.16 3 1
github.com/abhikaboy/Kindred/internal/handlers/post/service.go:484.16,486.3 1 0
github.com/abhikaboy/Kindred/internal/handlers/post/service.go:487.2,490.50 3 1
github.com/abhikaboy/Kindred/internal/handlers/post/service.go:490.50,492.3 1 0
github.com/abhikaboy/Kindred/internal/handlers/post/service.go:494.2,494.28 1 1
github.com/abhikaboy/Kindred/internal/handlers/post/service.go:498.91,511.16 4 1
github.com/abhikaboy/Kindred/internal/handlers/post/service.go:511.16,513.3 1 0
github.com/abhikaboy/Kindred/internal/handlers/post/service.go:514.2,517.50 3 1
github.com/abhikaboy/Kindred/internal/handlers/post/service.go:517.50,519.3 1 0
github.com/abhikaboy/Kindred/internal/handlers/post/service.go:521.2,521.21 1 1
github.com/abhikaboy/Kindred/internal/handlers/post/service.go:525.110,529.16 2 1
github.com/abhikaboy/Kindred/internal/handlers/post/service.go:529.16,531.3 1 1
github.com/abhikaboy/Kindred/internal/handlers/post/service.go:534.2,638.16 3 1
github.com/abhikaboy/Kindred/internal/handlers/post/service.go:638.16,640.3 1 0
github.com/abhikaboy/Kindred/internal/handlers/post/service.go:641.2,644.50 3 1
github.com/abhikaboy/Kindred/internal/handlers/post/service.go:644.50,646.3 1 0
github.com/abhikaboy/Kindred/internal/handlers/post/service.go:649.2,652.22 3 1
github.com/abhikaboy/Kindred/internal/handlers/post/service.go:652.22,653.84 1 1
github.com/abhikaboy/Kindred/internal/handlers/post/service.go:653.84,654.47 1 1
github.com/abhikaboy/Kindred/internal/handlers/post/service.go:654.47,655.46 1 1
github.com/abhikaboy/Kindred/internal/handlers/post/service.go:655.46,657.6 1 1
github.com/abhikaboy/Kindred/internal/handlers/post/service.go:657.11,657.53 1 0
github.com/abhikaboy/Kindred/internal/handlers/post/service.go:657.53,659.6 1 0
github.com/abhikaboy/Kindred/internal/handlers/post/service.go:663.3,663.55 1 1
github.com/abhikaboy/Kindred/internal/handlers/post/service.go:663.55,664.30 1 1
github.com/abhikaboy/Kindred/internal/handlers/post/service.go:664.30,665.41 1 1
github.com/abhikaboy/Kindred/internal/handlers/post/service.go:665.41,667.6 1 1
github.com/abhikaboy/Kindred/internal/handlers/post/service.go:672.2,680.26 2 1
github.com/abhikaboy/Kindred/internal/handlers/post/service.go:684.101,697.16 4 1
github.com/abhikaboy/Kindred/internal/handlers/post/service.go:697.16,699.3 1 0
github.com/abhikaboy/Kindred/internal/handlers/post/service.go:700.2,703.50 3 1
github.com/abhikaboy/Kindred/internal/handlers/post/service.go:703.50,705.3 1 0
github.com/abhikaboy/Kindred/internal/handlers/post/service.go:707.2,707.21 1 1
github.com/abhikaboy/Kindred/internal/handlers/post/service.go:710.94,729.16 7 1
github.com/abhikaboy/Kindred/internal/handlers/post/service.go:729.16,730.34 1 1
github.com/abhikaboy/Kindred/internal/handlers/post/service.go:730.34,732.4 1 1
github.com/abhikaboy/Kindred/internal/handlers/post/service.go:733.3,733.54 1 0
github.com/abhikaboy/Kindred/internal/handlers/post/service.go:737.2,737.60 1 1
github.com/abhikaboy/Kindred/internal/handlers/post/service.go:737.60,740.17 2 0
github.com/abhikaboy/Kindred/internal/handlers/post/service.go:740.17,743.4 1 0
github.com/abhikaboy/Kindred/internal/handlers/post/service.go:746.3,748.27 3 0
github.com/abhikaboy/Kindred/internal/handlers/post/service.go:748.27,750.4 1 0
github.com/abhikaboy/Kindred/internal/handlers/post/service.go:751.3,752.17 2 0
github.com/abhikaboy/Kindred/internal/handlers/post/service.go:752.17,755.4 1 0
github.com/abhikaboy/Kindred/internal/handlers/post/service.go:759.2,759.43 1 1
github.com/abhikaboy/Kindred/internal/handlers/post/service.go:759.43,761.66 1 1
github.com/abhikaboy/Kindred/internal/handlers/post/service.go:761.66,762.12 1 0
github.com/abhikaboy/Kindred/internal/handlers/post/service.go:765.3,767.27 3 1
github.com/abhikaboy/Kindred/internal/handlers/post/service.go:767.27,769.4 1 1
github.com/abhikaboy/Kindred/internal/handlers/post/service.go:771.3,772.17 2 1
github.com/abhikaboy/Kindred/internal/handlers/post/service.go:772.17,774.4 1 0
github.com/abhikaboy/Kindred/internal/handlers/post/service.go:777.3,778.17 2 1
github.com/abhikaboy/Kindred/internal/handlers/post/service.go:778.17,780.4 1 1
github.com/abhikaboy/Kindred/internal/handlers/post/service.go:783.2,783.12 1 1
github.com/abhikaboy/Kindred/internal/handlers/post/service.go:786.72,793.16 5 1
github.com/abhikaboy/Kindred/internal/handlers/post/service.go:793.16,795.3 1 1
github.com/abhikaboy/Kindred/internal/handlers/post/service.go:797.2,799.38 3 1
github.com/abhikaboy/Kindred/internal/handlers/post/service.go:799.38,800.21 1 1
github.com/abhikaboy/Kindred/internal/handlers/post/service.go:800.21,802.9 2 1
github.com/abhikaboy/Kindred/internal/handlers/post/service.go:806.2,807.16 2 1
github.com/abhikaboy/Kindred/internal/handlers/post/service.go:807.16,809.33 1 1
github.com/abhikaboy/Kindred/internal/handlers/post/service.go:809.33,817.4 1 1
github.com/abhikaboy/Kindred/internal/handlers/post/service.go:817.9,826.4 1 0
github.com/abhikaboy/Kindred/internal/handlers/post/service.go:827.8,836.3 1 1
github.com/abhikaboy/Kindred/internal/handlers/post/service.go:838.2,839.16 2 1
github.com/abhikaboy/Kindred/internal/handlers/post/service.go:839.16,841.3 1 0
github.com/abhikaboy/Kindred/internal/handlers/post/service.go:843.2,843.25 1 1
github.com/abhikaboy/Kindred/internal/handlers/post/service.go:848.96,873.16 5 1
github.com/abhikaboy/Kindred/internal/handlers/post/service.go:873.16,875.3 1 0
github.com/abhikaboy/Kindred/internal/handlers/post/service.go:877.2,877.31 1 1
github.com/abhikaboy/Kindred/internal/handlers/post/service.go:877.31,879.3 1 0
github.com/abhikaboy/Kindred/internal/handlers/post/service.go:881.2,881.12 1 1
github.com/abhikaboy/Kindred/internal/handlers/post/service.go:885.116,886.20 1 1
github.com/abhikaboy/Kindred/internal/handlers/post/service.go:886.20,888.3 1 0
github.com/abhikaboy/Kindred/internal/handlers/post/service.go:890.2,895.16 4 1
github.com/abhikaboy/Kindred/internal/handlers/post/service.go:895.16,897.3 1 0
github.com/abhikaboy/Kindred/internal/handlers/post/service.go:899.2,899.31 1 1
github.com/abhikaboy/Kindred/internal/handlers/post/service.go:899.31,902.3 2 0
github.com/abhikaboy/Kindred/internal/handlers/post/service.go:904.2,917.46 3 1
github.com/abhikaboy/Kindred/internal/handlers/post/service.go:922.95,926.31 2 1
github.com/abhikaboy/Kindred/internal/handlers/post/service.go:926.31,928.3 1 1
github.com/abhikaboy/Kindred/internal/handlers/post/service.go:932.2,941.16 4 1
github.com/abhikaboy/Kindred/internal/handlers/post/service.go:941.16,942.34 1 1
github.com/abhikaboy/Kindred/internal/handlers/post/service.go:942.34,945.4 1 1
github.com/abhikaboy/Kindred/internal/handlers/post/service.go:947.3,947.20 1 0
github.com/abhikaboy/Kindred/internal/handlers/post/service.go:951.2,951.36 1 1
github.com/abhikaboy/Kindred/internal/handlers/post/service.go:951.36,953.3 1 1
github.com/abhikaboy/Kindred/internal/handlers/post/service.go:956.2,956.44 1 1
github.com/abhikaboy/Kindred/internal/handlers/post/service.go:960.72,961.31 1 1
github.com/abhikaboy/Kindred/internal/handlers/post/service.go:961.31,963.3 1 1
github.com/abhikaboy/Kindred/internal/handlers/post/service.go:964.2,964.43 1 0
github.com/abhikaboy/Kindred/internal/handlers/post/service.go:968.115,975.16 2 1
github.com/abhikaboy/Kindred/internal/handlers/post/service.go:975.16,977.3 1 0
github.com/abhikaboy/Kindred/internal/handlers/post/service.go:978.2,984.63 3 1
github.com/abhikaboy/Kindred/internal/handlers/post/service.go:984.63,986.3 1 0
github.com/abhikaboy/Kindred/internal/handlers/post/service.go:989.2,990.43 2 1
github.com/abhikaboy/Kindred/internal/handlers/post/service.go:990.43,991.32 1 1
github.com/abhikaboy/Kindred/internal/handlers/post/service.go:991.32,992.20 1 1
github.com/abhikaboy/Kindred/internal/handlers/post/service.go:992.20,994.5 1 1
github.com/abhikaboy/Kindred/internal/handlers/post/service.go:998.2,998.28 1 1
github.com/abhikaboy/Kindred/internal/handlers/post/service.go:1003.179,1007.65 2 1
github.com/abhikaboy/Kindred/internal/handlers/post/service.go:1007.65,1009.3 1 1
github.com/abhikaboy/Kindred/internal/handlers/post/service.go:1012.2,1016.16 3 1
github.com/abhikaboy/Kindred/internal/handlers/post/service.go:1016.16,1018.3 1 0
github.com/abhikaboy/Kindred/internal/handlers/post/service.go:1020.2,1020.34 1 1
github.com/abhikaboy/Kindred/internal/handlers/post/service.go:1020.34,1023.3 2 1
github.com/abhikaboy/Kindred/internal/handlers/post/service.go:1026.2,1027.46 2 1
github.com/abhikaboy/Kindred/internal/handlers/post/service.go:1027.46,1028.47 1 1
github.com/abhikaboy/Kindred/internal/handlers/post/service.go:1028.47,1030.4 1 1
github.com/abhikaboy/Kindred/internal/handlers/post/service.go:1033.2,1033.31 1 1
github.com/abhikaboy/Kindred/internal/handlers/post/service.go:1033.31,1036.3 2 0
github.com/abhikaboy/Kindred/internal/handlers/post/service.go:1039.2,1040.16 2 1
github.com/abhikaboy/Kindred/internal/handlers/post/service.go:1040.16,1042.3 1 0
github.com/abhikaboy/Kindred/internal/handlers/post/service.go:1044.2,1045.26 2 1
github.com/abhikaboy/Kindred/internal/handlers/post/service.go:1045.26,1047.3 1 1
github.com/abhikaboy/Kindred/internal/handlers/post/service.go:1050.2,1051.35 2 1
github.com/abhikaboy/Kindred/internal/handlers/post/service.go:1051.35,1053.3 1 1
github.com/abhikaboy/Kindred/internal/handlers/post/service.go:1056.2,1071.43 4 1
github.com/abhikaboy/Kindred/internal/handlers/post/service.go:1071.43,1075.17 3 1
github.com/abhikaboy/Kindred/internal/handlers/post/service.go:1075.17,1078.12 3 0
github.com/abhikaboy/Kindred/internal/handlers/post/service.go:1082.3,1085.29 2 1
github.com/abhikaboy/Kindred/internal/handlers/post/service.go:1085.29,1101.18 4 1
github.com/abhikaboy/Kindred/internal/handlers/post/service.go:1101.18,1104.5 2 1
github.com/abhikaboy/Kindred/internal/handlers/post/service.go:1108.3,1110.17 3 1
github.com/abhikaboy/Kindred/internal/handlers/post/service.go:1110.17,1113.4 2 0
github.com/abhikaboy/Kindred/internal/handlers/post/service.go:1113.9,1115.4 1 1
github.com/abhikaboy/Kindred/internal/handlers/post/service.go:1118.2,1128.12 2 1
